<?xml version="1.0" encoding="UTF-8"?>
<testng-results ignored="0" total="4" passed="3" failed="1" skipped="0">
  <reporter-output>
  </reporter-output>
  <suite started-at="2024-07-23T14:42:22 IST" name="Suite" finished-at="2024-07-23T14:42:41 IST" duration-ms="18756">
    <groups>
    </groups>
    <test started-at="2024-07-23T14:42:22 IST" name="Test" finished-at="2024-07-23T14:42:41 IST" duration-ms="18756">
      <class name="tests.LoginTest">
        <test-method is-config="true" signature="openBrowser()[pri:0, instance:tests.LoginTest@35dab4eb]" started-at="2024-07-23T14:42:30 IST" name="openBrowser" finished-at="2024-07-23T14:42:31 IST" duration-ms="1547" status="PASS">
          <reporter-output>
          </reporter-output>
        </test-method> <!-- openBrowser -->
        <test-method signature="Login(java.lang.String,java.lang.String)[pri:0, instance:tests.LoginTest@35dab4eb]" started-at="2024-07-23T14:42:31 IST" name="Login" data-provider="getLoginData" finished-at="2024-07-23T14:42:33 IST" duration-ms="1702" status="PASS">
          <params>
            <param index="0">
              <value>
                <![CDATA[abc.efg@gmail.com]]>
              </value>
            </param>
            <param index="1">
              <value>
                <![CDATA[password]]>
              </value>
            </param>
          </params>
          <reporter-output>
          </reporter-output>
        </test-method> <!-- Login -->
        <test-method is-config="true" signature="closeBrowser()[pri:0, instance:tests.LoginTest@35dab4eb]" started-at="2024-07-23T14:42:33 IST" name="closeBrowser" finished-at="2024-07-23T14:42:33 IST" duration-ms="159" status="PASS">
          <reporter-output>
          </reporter-output>
        </test-method> <!-- closeBrowser -->
        <test-method is-config="true" signature="openBrowser()[pri:0, instance:tests.LoginTest@35dab4eb]" started-at="2024-07-23T14:42:33 IST" name="openBrowser" finished-at="2024-07-23T14:42:34 IST" duration-ms="1061" status="PASS">
          <reporter-output>
          </reporter-output>
        </test-method> <!-- openBrowser -->
        <test-method signature="Login(java.lang.String,java.lang.String)[pri:0, instance:tests.LoginTest@35dab4eb]" started-at="2024-07-23T14:42:34 IST" name="Login" data-provider="getLoginData" finished-at="2024-07-23T14:42:41 IST" duration-ms="6462" status="PASS">
          <params>
            <param index="0">
              <value>
                <![CDATA[123.efg@gmail.com]]>
              </value>
            </param>
            <param index="1">
              <value>
                <![CDATA[password]]>
              </value>
            </param>
          </params>
          <reporter-output>
          </reporter-output>
        </test-method> <!-- Login -->
        <test-method is-config="true" signature="closeBrowser()[pri:0, instance:tests.LoginTest@35dab4eb]" started-at="2024-07-23T14:42:41 IST" name="closeBrowser" finished-at="2024-07-23T14:42:41 IST" duration-ms="182" status="PASS">
          <reporter-output>
          </reporter-output>
        </test-method> <!-- closeBrowser -->
      </class> <!-- tests.LoginTest -->
      <class name="tests.BuyTest">
        <test-method is-config="true" signature="openBrowser()[pri:0, instance:tests.BuyTest@53fe15ff]" started-at="2024-07-23T14:42:22 IST" name="openBrowser" finished-at="2024-07-23T14:42:24 IST" duration-ms="2292" status="PASS">
          <reporter-output>
          </reporter-output>
        </test-method> <!-- openBrowser -->
        <test-method signature="buying()[pri:0, instance:tests.BuyTest@53fe15ff]" started-at="2024-07-23T14:42:24 IST" name="buying" finished-at="2024-07-23T14:42:28 IST" duration-ms="3697" status="FAIL">
          <exception class="java.lang.AssertionError">
            <message>
              <![CDATA[expected [true] but found [false]]]>
            </message>
            <full-stacktrace>
              <![CDATA[java.lang.AssertionError: expected [true] but found [false]
at org.testng.Assert.fail(Assert.java:111)
at org.testng.Assert.failNotEquals(Assert.java:1578)
at org.testng.Assert.assertTrue(Assert.java:57)
at org.testng.Assert.assertTrue(Assert.java:67)
at tests.BuyTest.buying(BuyTest.java:27)
at java.base/jdk.internal.reflect.NativeMethodAccessorImpl.invoke0(Native Method)
at java.base/jdk.internal.reflect.NativeMethodAccessorImpl.invoke(NativeMethodAccessorImpl.java:77)
at java.base/jdk.internal.reflect.DelegatingMethodAccessorImpl.invoke(DelegatingMethodAccessorImpl.java:43)
at java.base/java.lang.reflect.Method.invoke(Method.java:568)
at org.testng.internal.invokers.MethodInvocationHelper.invokeMethod(MethodInvocationHelper.java:141)
at org.testng.internal.invokers.TestInvoker.invokeMethod(TestInvoker.java:686)
at org.testng.internal.invokers.TestInvoker.invokeTestMethod(TestInvoker.java:230)
at org.testng.internal.invokers.MethodRunner.runInSequence(MethodRunner.java:63)
at org.testng.internal.invokers.TestInvoker$MethodInvocationAgent.invoke(TestInvoker.java:992)
at org.testng.internal.invokers.TestInvoker.invokeTestMethods(TestInvoker.java:203)
at org.testng.internal.invokers.TestMethodWorker.invokeTestMethods(TestMethodWorker.java:154)
at org.testng.internal.invokers.TestMethodWorker.run(TestMethodWorker.java:134)
at java.base/java.util.ArrayList.forEach(ArrayList.java:1511)
at org.testng.TestRunner.privateRun(TestRunner.java:739)
at org.testng.TestRunner.run(TestRunner.java:614)
at org.testng.SuiteRunner.runTest(SuiteRunner.java:421)
at org.testng.SuiteRunner.runSequentially(SuiteRunner.java:413)
at org.testng.SuiteRunner.privateRun(SuiteRunner.java:373)
at org.testng.SuiteRunner.run(SuiteRunner.java:312)
at org.testng.SuiteRunnerWorker.runSuite(SuiteRunnerWorker.java:52)
at org.testng.SuiteRunnerWorker.run(SuiteRunnerWorker.java:95)
at org.testng.TestNG.runSuitesSequentially(TestNG.java:1274)
at org.testng.TestNG.runSuitesLocally(TestNG.java:1208)
at org.testng.TestNG.runSuites(TestNG.java:1112)
at org.testng.TestNG.run(TestNG.java:1079)
at org.testng.remote.AbstractRemoteTestNG.run(AbstractRemoteTestNG.java:115)
at org.testng.remote.RemoteTestNG.initAndRun(RemoteTestNG.java:293)
at org.testng.remote.RemoteTestNG.main(RemoteTestNG.java:91)
]]>
            </full-stacktrace>
          </exception> <!-- java.lang.AssertionError -->
          <reporter-output>
          </reporter-output>
        </test-method> <!-- buying -->
        <test-method is-config="true" signature="closeBrowser()[pri:0, instance:tests.BuyTest@53fe15ff]" started-at="2024-07-23T14:42:28 IST" name="closeBrowser" finished-at="2024-07-23T14:42:29 IST" duration-ms="188" status="PASS">
          <reporter-output>
          </reporter-output>
        </test-method> <!-- closeBrowser -->
      </class> <!-- tests.BuyTest -->
      <class name="tests.RegisterTest">
        <test-method is-config="true" signature="openBrowser()[pri:0, instance:tests.RegisterTest@8519cb4]" started-at="2024-07-23T14:42:29 IST" name="openBrowser" finished-at="2024-07-23T14:42:30 IST" duration-ms="1043" status="PASS">
          <reporter-output>
          </reporter-output>
        </test-method> <!-- openBrowser -->
        <test-method signature="Registering()[pri:0, instance:tests.RegisterTest@8519cb4]" started-at="2024-07-23T14:42:30 IST" name="Registering" finished-at="2024-07-23T14:42:30 IST" duration-ms="4" status="PASS">
          <reporter-output>
          </reporter-output>
        </test-method> <!-- Registering -->
        <test-method is-config="true" signature="closeBrowser()[pri:0, instance:tests.RegisterTest@8519cb4]" started-at="2024-07-23T14:42:30 IST" name="closeBrowser" finished-at="2024-07-23T14:42:30 IST" duration-ms="181" status="PASS">
          <reporter-output>
          </reporter-output>
        </test-method> <!-- closeBrowser -->
      </class> <!-- tests.RegisterTest -->
    </test> <!-- Test -->
  </suite> <!-- Suite -->
</testng-results>
